<?xml version="1.0" encoding="UTF-8"?>
<testng-results ignored="0" total="1" passed="1" failed="0" skipped="0">
  <reporter-output>
  </reporter-output>
  <suite started-at="2021-11-01T19:24:26Z" name="Default suite" finished-at="2021-11-01T19:24:38Z" duration-ms="12491">
    <groups>
    </groups>
    <test started-at="2021-11-01T19:24:26Z" name="Default test" finished-at="2021-11-01T19:24:38Z" duration-ms="12491">
      <class name="testCases.LoginTestCase1">
        <test-method signature="logintesting()[pri:0, instance:testCases.LoginTestCase1@5cdec700]" started-at="2021-11-01T19:24:26Z" name="logintesting" finished-at="2021-11-01T19:24:38Z" duration-ms="12446" status="PASS">
          <reporter-output>
          </reporter-output>
        </test-method> <!-- logintesting -->
      </class> <!-- testCases.LoginTestCase1 -->
    </test> <!-- Default test -->
  </suite> <!-- Default suite -->
</testng-results>
